[2020-08-30T10:38:28.174] [DEBUG] cheese - login => username:zhangsan,password:1230000
[2020-08-30T10:38:28.178] [DEBUG] cheese - zhangsan
[2020-08-30T10:38:28.234] [DEBUG] cheese - null
[2020-08-30T10:38:28.234] [DEBUG] cheese - null
[2020-08-30T10:38:29.865] [DEBUG] cheese - login => username:zhangsan,password:1230000
[2020-08-30T10:38:29.865] [DEBUG] cheese - zhangsan
[2020-08-30T10:38:29.871] [DEBUG] cheese - null
[2020-08-30T10:38:29.871] [DEBUG] cheese - null
[2020-08-30T10:38:30.616] [DEBUG] cheese - login => username:zhangsan,password:1230000
[2020-08-30T10:38:30.616] [DEBUG] cheese - zhangsan
[2020-08-30T10:38:30.622] [DEBUG] cheese - null
[2020-08-30T10:38:30.622] [DEBUG] cheese - null
[2020-08-30T10:39:30.710] [DEBUG] cheese - login => username:zhangsan,password:1230000
[2020-08-30T10:39:30.710] [DEBUG] cheese - zhangsan
[2020-08-30T20:46:46.871] [DEBUG] cheese - null
[2020-08-30T20:46:46.871] [DEBUG] cheese - null
[2020-08-30T20:47:44.598] [DEBUG] cheese - login => username:zhangshan,password:192j102j01j20
[2020-08-30T20:47:44.642] [DEBUG] cheese - zhangshan
[2020-08-30T20:47:44.680] [DEBUG] cheese - null
[2020-08-30T20:47:44.680] [DEBUG] cheese - null
[2020-08-30T20:49:12.522] [DEBUG] cheese - login => username:zhangsan,password:12311111
[2020-08-30T20:49:12.522] [DEBUG] cheese - zhangsan
[2020-08-30T20:49:12.526] [DEBUG] cheese - null
[2020-08-30T20:49:12.526] [DEBUG] cheese - null
[2020-08-30T20:50:05.817] [DEBUG] cheese - login => username:zhangsan,password:1231111
[2020-08-30T20:50:05.818] [DEBUG] cheese - zhangsan
[2020-08-30T20:50:05.822] [DEBUG] cheese - null
[2020-08-30T20:50:05.823] [DEBUG] cheese - null
[2020-08-30T20:50:26.221] [DEBUG] cheese - login => username:zhangsan,password:12311111
[2020-08-30T20:50:26.221] [DEBUG] cheese - zhangsan
[2020-08-30T20:50:26.229] [DEBUG] cheese - null
[2020-08-30T20:50:26.229] [DEBUG] cheese - null
[2020-08-30T20:54:14.178] [DEBUG] cheese - login => username:admin,password:123456
[2020-08-30T20:54:14.178] [DEBUG] cheese - admin
[2020-08-30T20:54:14.194] [DEBUG] cheese - null
[2020-08-30T20:54:14.194] [DEBUG] cheese - null
[2020-08-30T21:07:38.819] [DEBUG] cheese - login => username:zhangsan,password:1231111
[2020-08-30T21:07:38.819] [DEBUG] cheese - zhangsan
[2020-08-30T21:07:38.823] [DEBUG] cheese - null
[2020-08-30T21:07:38.823] [DEBUG] cheese - null
[2020-08-30T21:07:48.876] [DEBUG] cheese - login => username:admin,password:123456
[2020-08-30T21:07:48.876] [DEBUG] cheese - admin
[2020-08-30T21:07:48.880] [DEBUG] cheese - null
[2020-08-30T21:07:48.880] [DEBUG] cheese - null
[2020-08-30T21:17:43.547] [DEBUG] cheese - login => username:admin,password:password
[2020-08-30T21:17:43.547] [DEBUG] cheese - admin
[2020-08-30T21:17:43.551] [DEBUG] cheese - null
[2020-08-30T21:17:43.551] [DEBUG] cheese - null
[2020-08-30T21:18:06.756] [DEBUG] cheese - login => username:admin,password:password
[2020-08-30T21:18:06.756] [DEBUG] cheese - admin
[2020-08-30T21:18:06.764] [DEBUG] cheese - null
[2020-08-30T21:18:06.764] [DEBUG] cheese - null
[2020-08-30T21:18:18.427] [DEBUG] cheese - login => username:admin,password:123456
[2020-08-30T21:18:18.427] [DEBUG] cheese - admin
[2020-08-30T21:18:18.435] [DEBUG] cheese - null
[2020-08-30T21:18:18.435] [DEBUG] cheese - null
[2020-08-30T21:18:49.541] [DEBUG] cheese - login => username:admin,password:password
[2020-08-30T21:18:49.541] [DEBUG] cheese - admin
[2020-08-30T21:18:49.547] [DEBUG] cheese - null
[2020-08-30T21:18:49.547] [DEBUG] cheese - null
[2020-08-30T21:18:57.886] [DEBUG] cheese - login => username:admin,password:123456
[2020-08-30T21:18:57.886] [DEBUG] cheese - admin
[2020-08-30T21:18:57.892] [DEBUG] cheese - null
[2020-08-30T21:18:57.892] [DEBUG] cheese - null
[2020-08-30T21:21:54.899] [DEBUG] cheese - login => username:admin,password:password
[2020-08-30T21:21:54.899] [DEBUG] cheese - admin
[2020-08-30T21:21:54.907] [DEBUG] cheese - null
[2020-08-30T21:21:54.907] [DEBUG] cheese - null
[2020-08-30T21:22:36.634] [DEBUG] cheese - login => username:admin,password:123456
[2020-08-30T21:22:36.634] [DEBUG] cheese - admin
[2020-08-30T21:22:36.642] [DEBUG] cheese - null
[2020-08-30T21:22:36.642] [DEBUG] cheese - null
[2020-08-30T21:22:43.657] [DEBUG] cheese - login => username:admin,password:123456
[2020-08-30T21:22:43.657] [DEBUG] cheese - admin
[2020-08-30T21:22:43.661] [DEBUG] cheese - null
[2020-08-30T21:22:43.661] [DEBUG] cheese - null
[2020-08-30T21:23:23.823] [DEBUG] cheese - login => username:admin,password:password
[2020-08-30T21:23:23.823] [DEBUG] cheese - admin
[2020-08-30T21:23:23.830] [DEBUG] cheese - null
[2020-08-30T21:23:23.830] [DEBUG] cheese - null
[2020-08-30T21:23:34.925] [DEBUG] cheese - login => username:admin,password:123456
[2020-08-30T21:23:34.925] [DEBUG] cheese - admin
[2020-08-30T21:23:34.933] [DEBUG] cheese - null
[2020-08-30T21:23:34.933] [DEBUG] cheese - null
[2020-08-30T21:35:50.579] [DEBUG] cheese - login => username:admin,password:123456
[2020-08-30T21:35:50.579] [DEBUG] cheese - admin
[2020-08-30T21:35:50.587] [DEBUG] cheese - null
[2020-08-30T21:35:50.587] [DEBUG] cheese - null
[2020-08-30T21:36:13.567] [DEBUG] cheese - login => username:admin,password:password
[2020-08-30T21:36:13.567] [DEBUG] cheese - admin
[2020-08-30T21:36:13.575] [DEBUG] cheese - null
[2020-08-30T21:36:13.575] [DEBUG] cheese - null
[2020-08-30T21:36:20.664] [DEBUG] cheese - login => username:admin,password:123456
[2020-08-30T21:36:20.664] [DEBUG] cheese - admin
[2020-08-30T21:36:20.668] [DEBUG] cheese - null
[2020-08-30T21:36:20.669] [DEBUG] cheese - null
[2020-08-30T21:36:34.881] [DEBUG] cheese - login => username:admin,password:password
[2020-08-30T21:36:34.881] [DEBUG] cheese - admin
[2020-08-30T21:36:34.889] [DEBUG] cheese - null
[2020-08-30T21:36:34.889] [DEBUG] cheese - null
[2020-08-30T21:38:20.995] [DEBUG] cheese - login => username:admin,password:123456
[2020-08-30T21:38:20.995] [DEBUG] cheese - admin
[2020-08-30T21:38:21.007] [DEBUG] cheese - null
[2020-08-30T21:38:21.007] [DEBUG] cheese - null
[2020-08-30T21:39:11.175] [DEBUG] cheese - login => username:admin,password:password
[2020-08-30T21:39:11.175] [DEBUG] cheese - admin
[2020-08-30T21:39:11.183] [DEBUG] cheese - null
[2020-08-30T21:39:11.187] [DEBUG] cheese - null
[2020-08-30T21:39:19.117] [DEBUG] cheese - login => username:admin,password:123456
[2020-08-30T21:39:19.117] [DEBUG] cheese - admin
[2020-08-30T21:39:19.125] [DEBUG] cheese - null
[2020-08-30T21:39:19.125] [DEBUG] cheese - null
[2020-08-30T21:40:04.925] [DEBUG] cheese - login => username:admin,password:password
[2020-08-30T21:40:04.925] [DEBUG] cheese - admin
[2020-08-30T21:40:04.933] [DEBUG] cheese - null
[2020-08-30T21:40:04.933] [DEBUG] cheese - null
[2020-08-30T21:40:46.812] [DEBUG] cheese - login => username:admin,password:123456
[2020-08-30T21:40:46.812] [DEBUG] cheese - admin
[2020-08-30T21:40:46.820] [DEBUG] cheese - null
[2020-08-30T21:40:46.820] [DEBUG] cheese - null
[2020-08-30T21:41:28.360] [DEBUG] cheese - login => username:admin,password:123456
[2020-08-30T21:41:28.360] [DEBUG] cheese - admin
[2020-08-30T21:41:28.364] [DEBUG] cheese - null
[2020-08-30T21:41:28.364] [DEBUG] cheese - null
[2020-08-30T21:51:21.572] [DEBUG] cheese - login => username:admin,password:123456
[2020-08-30T21:51:21.572] [DEBUG] cheese - admin
[2020-08-30T21:51:21.580] [DEBUG] cheese - null
[2020-08-30T21:51:21.580] [DEBUG] cheese - null
[2020-08-30T21:51:26.474] [DEBUG] cheese - login => username:admin,password:123456
[2020-08-30T21:51:26.474] [DEBUG] cheese - admin
[2020-08-30T21:51:26.482] [DEBUG] cheese - null
[2020-08-30T21:51:26.482] [DEBUG] cheese - null
[2020-08-30T21:51:50.451] [DEBUG] cheese - login => username:admin,password:123456
[2020-08-30T21:51:50.451] [DEBUG] cheese - admin
[2020-08-30T21:51:50.456] [DEBUG] cheese - null
[2020-08-30T21:51:50.456] [DEBUG] cheese - null
[2020-08-30T22:16:10.758] [DEBUG] cheese - login => username:admin,password:123456
[2020-08-30T22:16:10.758] [DEBUG] cheese - admin
[2020-08-30T22:16:10.766] [DEBUG] cheese - null
[2020-08-30T22:16:10.766] [DEBUG] cheese - null
[2020-08-31T20:50:59.725] [DEBUG] cheese - login => username:admin,password:123456
[2020-08-31T20:50:59.725] [DEBUG] cheese - admin
[2020-08-31T20:50:59.789] [DEBUG] cheese - null
[2020-08-31T20:50:59.789] [DEBUG] cheese - null
[2020-08-31T21:11:32.252] [DEBUG] cheese - login => username:admin,password:123456
[2020-08-31T21:11:32.252] [DEBUG] cheese - admin
[2020-08-31T21:11:32.260] [DEBUG] cheese - null
[2020-08-31T21:11:32.260] [DEBUG] cheese - null
[2020-08-31T21:11:57.398] [DEBUG] cheese - login => username:admin,password:123456
[2020-08-31T21:11:57.398] [DEBUG] cheese - admin
[2020-08-31T21:11:57.406] [DEBUG] cheese - null
[2020-08-31T21:11:57.406] [DEBUG] cheese - null
[2020-08-31T21:15:00.076] [DEBUG] cheese - login => username:admin,password:123456
[2020-08-31T21:15:00.076] [DEBUG] cheese - admin
[2020-08-31T21:15:00.084] [DEBUG] cheese - null
[2020-08-31T21:15:00.084] [DEBUG] cheese - null
[2020-08-31T21:16:14.645] [DEBUG] cheese - login => username:admin,password:123456
[2020-08-31T21:16:14.645] [DEBUG] cheese - admin
[2020-08-31T21:16:14.649] [DEBUG] cheese - null
[2020-08-31T21:16:14.649] [DEBUG] cheese - null
[2020-08-31T21:24:49.040] [DEBUG] cheese - login => username:admin,password:123456
[2020-08-31T21:24:49.040] [DEBUG] cheese - admin
[2020-08-31T21:24:49.048] [DEBUG] cheese - null
[2020-08-31T21:24:49.048] [DEBUG] cheese - null
[2020-08-31T21:25:45.603] [DEBUG] cheese - login => username:admin,password:123456
[2020-08-31T21:25:45.607] [DEBUG] cheese - admin
[2020-08-31T21:25:45.635] [DEBUG] cheese - null
[2020-08-31T21:25:45.635] [DEBUG] cheese - null
[2020-08-31T21:30:22.689] [DEBUG] cheese - login => username:admin,password:123456
[2020-08-31T21:30:22.689] [DEBUG] cheese - admin
[2020-08-31T21:30:22.693] [DEBUG] cheese - null
[2020-08-31T21:30:22.693] [DEBUG] cheese - null
[2020-08-31T21:30:31.759] [DEBUG] cheese - login => username:admin,password:123456
[2020-08-31T21:30:31.763] [DEBUG] cheese - admin
[2020-08-31T21:30:31.767] [DEBUG] cheese - null
[2020-08-31T21:30:31.767] [DEBUG] cheese - null
[2020-08-31T21:31:19.253] [DEBUG] cheese - login => username:admin,password:123456
[2020-08-31T21:31:19.253] [DEBUG] cheese - admin
[2020-08-31T21:31:19.262] [DEBUG] cheese - null
[2020-08-31T21:31:19.262] [DEBUG] cheese - null
[2020-08-31T21:32:07.317] [DEBUG] cheese - login => username:admin,password:123456
[2020-08-31T21:32:07.317] [DEBUG] cheese - admin
[2020-08-31T21:32:07.325] [DEBUG] cheese - null
[2020-08-31T21:32:07.325] [DEBUG] cheese - null
[2020-08-31T21:33:57.409] [DEBUG] cheese - login => username:admin,password:123456
[2020-08-31T21:33:57.409] [DEBUG] cheese - admin
[2020-08-31T21:33:57.417] [DEBUG] cheese - null
[2020-08-31T21:33:57.417] [DEBUG] cheese - null
[2020-08-31T21:40:20.619] [DEBUG] cheese - login => username:admin,password:123456
[2020-08-31T21:40:20.619] [DEBUG] cheese - admin
[2020-08-31T21:40:20.623] [DEBUG] cheese - null
[2020-08-31T21:40:20.627] [DEBUG] cheese - null
[2020-08-31T21:42:51.322] [DEBUG] cheese - login => username:admin,password:123456
[2020-08-31T21:42:51.322] [DEBUG] cheese - admin
[2020-08-31T21:42:51.330] [DEBUG] cheese - null
[2020-08-31T21:42:51.330] [DEBUG] cheese - null
[2020-08-31T21:43:21.258] [DEBUG] cheese - login => username:admin,password:123456
[2020-08-31T21:43:21.258] [DEBUG] cheese - admin
[2020-08-31T21:43:21.262] [DEBUG] cheese - null
[2020-08-31T21:43:21.266] [DEBUG] cheese - null
[2020-08-31T21:46:43.936] [DEBUG] cheese - login => username:admin,password:123456
[2020-08-31T21:46:43.936] [DEBUG] cheese - admin
[2020-08-31T21:46:43.943] [DEBUG] cheese - null
[2020-08-31T21:46:43.943] [DEBUG] cheese - null
[2020-08-31T21:59:23.852] [DEBUG] cheese - login => username:admin,password:123456
[2020-08-31T21:59:23.856] [DEBUG] cheese - admin
[2020-08-31T21:59:23.864] [DEBUG] cheese - null
[2020-08-31T21:59:23.864] [DEBUG] cheese - null
[2020-08-31T22:00:24.807] [DEBUG] cheese - login => username:admin,password:123456
[2020-08-31T22:00:24.807] [DEBUG] cheese - admin
[2020-08-31T22:00:24.811] [DEBUG] cheese - null
[2020-08-31T22:00:24.811] [DEBUG] cheese - null
[2020-09-03T17:28:34.239] [DEBUG] cheese - login => username:admin,password:123456
[2020-09-03T17:28:34.243] [DEBUG] cheese - admin
[2020-09-03T17:28:34.307] [DEBUG] cheese - null
[2020-09-03T17:28:34.307] [DEBUG] cheese - null
[2020-09-27T21:28:45.081] [DEBUG] cheese - login => username:admin,password:123456
[2020-09-27T21:28:45.085] [DEBUG] cheese - admin
[2020-09-27T21:28:45.153] [DEBUG] cheese - null
[2020-09-27T21:28:45.155] [DEBUG] cheese - null
[2020-09-27T21:29:04.166] [DEBUG] cheese - login => username:admin,password:123456
[2020-09-27T21:29:04.167] [DEBUG] cheese - admin
[2020-09-27T21:29:04.180] [DEBUG] cheese - null
[2020-09-27T21:29:04.180] [DEBUG] cheese - null
[2020-09-27T21:30:03.871] [DEBUG] cheese - login => username:admin,password:123456
[2020-09-27T21:30:03.871] [DEBUG] cheese - admin
[2020-09-27T21:30:03.877] [DEBUG] cheese - null
[2020-09-27T21:30:03.878] [DEBUG] cheese - null
[2020-09-27T21:30:11.237] [DEBUG] cheese - login => username:admin,password:123456
[2020-09-27T21:30:11.237] [DEBUG] cheese - admin
[2020-09-27T21:30:11.243] [DEBUG] cheese - null
[2020-09-27T21:30:11.243] [DEBUG] cheese - null
